<?xml version="1.0" encoding="UTF-8"?>
<!-- Generated by org.testng.reporters.JUnitReportReporter -->
<testsuite hostname="YMQN00518603A" name="net.xngo.utils.test.java.io.FileUtilsTest" tests="1" failures="0" timestamp="20 Aug 2014 20:54:31 GMT" time="0.019" errors="0">
  <testcase name="readableFileSize" time="0.019" classname="net.xngo.utils.test.java.io.FileUtilsTest"/>
</testsuite> <!-- net.xngo.utils.test.java.io.FileUtilsTest -->
